[ 2026-02-01 06:57:05,720 ] 19 root - INFO - Initiate the data ingestion
[ 2026-02-01 06:57:14,279 ] 68 root - INFO - Performed train test split on the dataframe
[ 2026-02-01 06:57:14,280 ] 70 root - INFO - Exited split_data_as_train_test method of Data_Ingestion class
[ 2026-02-01 06:57:14,280 ] 78 root - INFO - Exporting train and test file path.
[ 2026-02-01 06:57:14,363 ] 87 root - INFO - Exported train and test file path.
[ 2026-02-01 06:57:14,363 ] 21 root - INFO - Data Initiation Completed
[ 2026-02-01 06:57:14,373 ] 26 root - INFO - Initiate the data Validation
[ 2026-02-01 06:57:14,419 ] 31 root - INFO - Required number of columns:2
[ 2026-02-01 06:57:14,419 ] 32 root - INFO - Data frame has columns:31
[ 2026-02-01 06:57:14,422 ] 31 root - INFO - Required number of columns:2
[ 2026-02-01 06:57:14,422 ] 32 root - INFO - Data frame has columns:31
[ 2026-02-01 06:57:14,423 ] 59 root - INFO - All numerical columns are present in the dataframe
[ 2026-02-01 06:57:14,423 ] 59 root - INFO - All numerical columns are present in the dataframe
[ 2026-02-01 06:57:14,696 ] 28 root - INFO - data Validation Completed
[ 2026-02-01 06:57:14,697 ] 33 root - INFO - Initiate the data Transformation
[ 2026-02-01 06:57:14,697 ] 63 root - INFO - Entered initiate_data_transformation method of DataTransformation class
[ 2026-02-01 06:57:14,698 ] 66 root - INFO - Starting data transformation
[ 2026-02-01 06:57:14,739 ] 71 root - INFO - Read train and test data completed
[ 2026-02-01 06:57:14,747 ] 72 root - INFO - Train Dataframe Head : 
   having_IP_Address  URL_Length  Shortining_Service  having_At_Symbol  double_slash_redirecting  Prefix_Suffix  having_Sub_Domain  SSLfinal_State  Domain_registeration_length  Favicon  port  HTTPS_token  Request_URL  URL_of_Anchor  Links_in_tags  SFH  Submitting_to_email  Abnormal_URL  Redirect  on_mouseover  RightClick  popUpWidnow  Iframe  age_of_domain  DNSRecord  web_traffic  Page_Rank  Google_Index  Links_pointing_to_page  Statistical_report  Result
0                 -1          -1                  -1                 1                        -1             -1                  1               0                            1        1     1           -1           -1             -1              1   -1                    1             1         0            -1           1           -1       1             -1         -1           -1          1            -1                       0                   1      -1
1                  1           1                   1                 1                         1             -1                  0               1                           -1        1     1            1            1              1             -1    1                    1             1         1             1           1            1       1              1          1            1          1             1                       0                   1       1
2                  1          -1                   1                 1                         1             -1                  0              -1                            1        1     1            1            1              0             -1   -1                    1             1         1             1           1            1       1             -1          1            0         -1             1                       0                   1      -1
3                  1          -1                   1                 1                         1             -1                 -1               1                           -1        1     1            1           -1             -1             -1   -1                    1             1         0             1           1            1       1             -1         -1            0         -1             1                       0                   1      -1
4                 -1          -1                   1                 1                         1             -1                  1               0                           -1        1     1            1            1             -1              0   -1                   -1             1         0             1           1            1       1             -1          1           -1         -1             1                       0                   1      -1
[ 2026-02-01 06:57:14,752 ] 73 root - INFO - Test Dataframe Head : 
   having_IP_Address  URL_Length  Shortining_Service  having_At_Symbol  double_slash_redirecting  Prefix_Suffix  having_Sub_Domain  SSLfinal_State  Domain_registeration_length  Favicon  port  HTTPS_token  Request_URL  URL_of_Anchor  Links_in_tags  SFH  Submitting_to_email  Abnormal_URL  Redirect  on_mouseover  RightClick  popUpWidnow  Iframe  age_of_domain  DNSRecord  web_traffic  Page_Rank  Google_Index  Links_pointing_to_page  Statistical_report  Result
0                 -1          -1                   1                 1                         1             -1                  1               1                            1        1     1            1           -1              0              0    0                    1             1         0             1           1            1       1             -1          1            0         -1             1                       0                   1       1
1                  1          -1                   1                 1                         1             -1                 -1               1                           -1        1     1            1            1              0              1   -1                   -1             1         0             1           1            1       1              1          1            1         -1             1                      -1                   1       1
2                 -1          -1                   1                 1                         1             -1                  1               1                           -1        1     1            1            1              1             -1   -1                    1             1         0             1           1            1       1             -1          1            1         -1             1                       1                   1       1
3                 -1           1                  -1                -1                        -1             -1                  0              -1                           -1       -1    -1           -1            1             -1              1   -1                   -1            -1         0            -1          -1           -1      -1              1         -1           -1         -1            -1                       1                   1      -1
4                  1          -1                   1                 1                         1              1                  1               1                            1        1     1            1           -1              1              1    1                    1             1         0             1           1            1       1             -1          1            1         -1             1                       0                  -1       1
[ 2026-02-01 06:57:14,755 ] 48 root - INFO - Entered get_data_trnasformer_object method of Trnasformation class
[ 2026-02-01 06:57:14,755 ] 53 root - INFO - Initialise KNNImputer with {'missing_values': nan, 'n_neighbors': 3, 'weights': 'uniform'}
[ 2026-02-01 06:57:14,777 ] 46 root - INFO - Entered the save_object method of MainUtils class
[ 2026-02-01 06:57:14,782 ] 50 root - INFO - Exited the save_object method of MainUtils class
[ 2026-02-01 06:57:14,782 ] 46 root - INFO - Entered the save_object method of MainUtils class
[ 2026-02-01 06:57:14,786 ] 50 root - INFO - Exited the save_object method of MainUtils class
[ 2026-02-01 06:57:14,787 ] 35 root - INFO - data Transformation Completed
[ 2026-02-01 06:57:14,788 ] 38 root - INFO - Model Training sstared
[ 2026-02-01 07:03:23,335 ] 46 root - INFO - Entered the save_object method of MainUtils class
[ 2026-02-01 07:03:23,339 ] 50 root - INFO - Exited the save_object method of MainUtils class
[ 2026-02-01 07:03:23,339 ] 46 root - INFO - Entered the save_object method of MainUtils class
[ 2026-02-01 07:03:23,403 ] 50 root - INFO - Exited the save_object method of MainUtils class
[ 2026-02-01 07:03:23,403 ] 119 root - INFO - Model trainer artifact: ModelTrainerArtifact(trained_model_file_path='Artifacts\\02_01_2026_06_57_01\\model_trainer\\trained_model\\model.pkl', train_metric_artifact=ClassificationMetricArtifact(f1_score=0.9911558401951814, precision_score=0.9880421564653425, recall_score=0.9942892106873343), test_metric_artifact=ClassificationMetricArtifact(f1_score=0.9745222929936306, precision_score=0.972972972972973, recall_score=0.9760765550239234))
[ 2026-02-01 07:03:23,408 ] 43 root - INFO - Model Training artifact created
