[ 2026-02-01 21:56:55,035 ] 1025 httpx - INFO - HTTP Request: GET https://dagshub.com/api/v1/user "HTTP/1.1 200 OK"
[ 2026-02-01 21:56:55,051 ] 107 dagshub - INFO - Accessing as vedantukale29
[ 2026-02-01 21:56:56,167 ] 1025 httpx - INFO - HTTP Request: GET https://dagshub.com/api/v1/repos/vedantukale29/Network-Security-Data-Science-Project "HTTP/1.1 200 OK"
[ 2026-02-01 21:56:56,650 ] 1025 httpx - INFO - HTTP Request: GET https://dagshub.com/api/v1/user "HTTP/1.1 200 OK"
[ 2026-02-01 21:56:56,650 ] 107 dagshub - INFO - Initialized MLflow to track repo "vedantukale29/Network-Security-Data-Science-Project"
[ 2026-02-01 21:56:56,668 ] 107 dagshub - INFO - Repository vedantukale29/Network-Security-Data-Science-Project initialized!
[ 2026-02-01 21:57:13,112 ] 1392 botocore.credentials - INFO - Found credentials in shared credentials file: ~/.aws/credentials
[ 2026-02-01 21:57:13,994 ] 43 root - INFO - Start data Ingestion
[ 2026-02-01 21:58:02,088 ] 68 root - INFO - Performed train test split on the dataframe
[ 2026-02-01 21:58:02,088 ] 70 root - INFO - Exited split_data_as_train_test method of Data_Ingestion class
[ 2026-02-01 21:58:02,088 ] 78 root - INFO - Exporting train and test file path.
[ 2026-02-01 21:58:02,149 ] 87 root - INFO - Exported train and test file path.
[ 2026-02-01 21:58:02,149 ] 46 root - INFO - Data Ingestion completed and artifact: DataIngestionArtifact(train_file_path='Artifacts\\02_01_2026_21_56_51\\data_ingestion\\ingested\\train.csv', test_file_path='Artifacts\\02_01_2026_21_56_51\\data_ingestion\\ingested\\test.csv')
[ 2026-02-01 21:58:02,166 ] 72 root - INFO - Initiate the data Validation
[ 2026-02-01 21:58:02,197 ] 31 root - INFO - Required number of columns:2
[ 2026-02-01 21:58:02,197 ] 32 root - INFO - Data frame has columns:31
[ 2026-02-01 21:58:02,197 ] 31 root - INFO - Required number of columns:2
[ 2026-02-01 21:58:02,197 ] 32 root - INFO - Data frame has columns:31
[ 2026-02-01 21:58:02,197 ] 59 root - INFO - All numerical columns are present in the dataframe
[ 2026-02-01 21:58:02,197 ] 59 root - INFO - All numerical columns are present in the dataframe
[ 2026-02-01 21:58:02,357 ] 63 root - INFO - Entered initiate_data_transformation method of DataTransformation class
[ 2026-02-01 21:58:02,357 ] 66 root - INFO - Starting data transformation
[ 2026-02-01 21:58:02,373 ] 71 root - INFO - Read train and test data completed
[ 2026-02-01 21:58:02,394 ] 72 root - INFO - Train Dataframe Head : 
   having_IP_Address  URL_Length  Shortining_Service  having_At_Symbol  double_slash_redirecting  Prefix_Suffix  having_Sub_Domain  SSLfinal_State  Domain_registeration_length  Favicon  port  HTTPS_token  Request_URL  URL_of_Anchor  Links_in_tags  SFH  Submitting_to_email  Abnormal_URL  Redirect  on_mouseover  RightClick  popUpWidnow  Iframe  age_of_domain  DNSRecord  web_traffic  Page_Rank  Google_Index  Links_pointing_to_page  Statistical_report  Result
0                  1          -1                   1                 1                         1             -1                  0               1                           -1        1     1            1            1              0              1   -1                    1             1         0             1           1            1       1             -1          1            1         -1             1                       0                   1       1
1                 -1          -1                   1                 1                         1             -1                  0              -1                           -1        1     1            1           -1              1             -1   -1                    1             1         0             1           1            1       1             -1          1            0          1             1                       0                   1      -1
2                  1          -1                   1                 1                        -1              1                  1               1                           -1       -1    -1            1            1              1             -1   -1                   -1            -1         1            -1           1           -1       1              1         -1            1          1             1                       1                  -1       1
3                 -1          -1                   1                 1                         1             -1                  1              -1                            1        1     1            1           -1             -1             -1   -1                    1             1         0             1           1            1       1              1          1            1         -1             1                       0                   1      -1
4                 -1          -1                   1                -1                         1             -1                  0              -1                            1       -1    -1            1            1             -1              0   -1                   -1             1         0             1           1           -1       1              1          1            1         -1             1                       0                  -1      -1
[ 2026-02-01 21:58:02,394 ] 73 root - INFO - Test Dataframe Head : 
   having_IP_Address  URL_Length  Shortining_Service  having_At_Symbol  double_slash_redirecting  Prefix_Suffix  having_Sub_Domain  SSLfinal_State  Domain_registeration_length  Favicon  port  HTTPS_token  Request_URL  URL_of_Anchor  Links_in_tags  SFH  Submitting_to_email  Abnormal_URL  Redirect  on_mouseover  RightClick  popUpWidnow  Iframe  age_of_domain  DNSRecord  web_traffic  Page_Rank  Google_Index  Links_pointing_to_page  Statistical_report  Result
0                  1          -1                   1                 1                         1              1                 -1               1                           -1        1     1            1            1              0              0   -1                    1             1         0             1           1            1       1              1         -1            1          1             1                       1                   1       1
1                 -1          -1                  -1                -1                        -1             -1                  1              -1                           -1        1     1           -1            1              0              0    0                    1            -1         0             1           1            1       1              1         -1            1         -1             1                       1                   1       1
2                  1          -1                   1                 1                         1              1                  1               1                           -1       -1     1            1            1              0              1   -1                    1             1         0             1           1           -1       1              1         -1            1         -1             1                       1                   1       1
3                  1          -1                   1                 1                         1             -1                 -1              -1                           -1        1     1            1            1              0             -1   -1                    1             1         0             1           1            1       1              1         -1           -1         -1             1                       1                   1      -1
4                 -1          -1                   1                -1                         1             -1                  0              -1                           -1       -1    -1            1            1              1             -1   -1                   -1             1         0            -1          -1           -1      -1             -1          1            1          1             1                       1                  -1      -1
[ 2026-02-01 21:58:02,394 ] 48 root - INFO - Entered get_data_trnasformer_object method of Trnasformation class
[ 2026-02-01 21:58:02,394 ] 53 root - INFO - Initialise KNNImputer with {'missing_values': nan, 'n_neighbors': 3, 'weights': 'uniform'}
[ 2026-02-01 21:58:02,405 ] 46 root - INFO - Entered the save_object method of MainUtils class
[ 2026-02-01 21:58:02,421 ] 50 root - INFO - Exited the save_object method of MainUtils class
[ 2026-02-01 21:58:02,421 ] 46 root - INFO - Entered the save_object method of MainUtils class
[ 2026-02-01 21:58:02,421 ] 50 root - INFO - Exited the save_object method of MainUtils class
[ 2026-02-01 22:03:46,546 ] 116 root - INFO - Best model found , Model Name: Random Forest , R2 Score :0.9026968184218656
[ 2026-02-01 22:07:40,748 ] 46 root - INFO - Entered the save_object method of MainUtils class
[ 2026-02-01 22:07:40,764 ] 50 root - INFO - Exited the save_object method of MainUtils class
[ 2026-02-01 22:07:40,764 ] 46 root - INFO - Entered the save_object method of MainUtils class
[ 2026-02-01 22:07:40,843 ] 50 root - INFO - Exited the save_object method of MainUtils class
[ 2026-02-01 22:07:40,845 ] 145 root - INFO - Model trainer artifact: ModelTrainerArtifact(trained_model_file_path='Artifacts\\02_01_2026_21_56_51\\model_trainer\\trained_model\\model.pkl', train_metric_artifact=ClassificationMetricArtifact(f1_score=0.9910858995137763, precision_score=0.9874848607186112, recall_score=0.9947132980886539), test_metric_artifact=ClassificationMetricArtifact(f1_score=0.9787575150300601, precision_score=0.9721337579617835, recall_score=0.9854721549636803))
[ 2026-02-01 22:08:18,166 ] 62 root - INFO - Updated latest model timestamp in S3: 02_01_2026_21_56_51
