[ 2026-02-01 21:00:00,478 ] 1025 httpx - INFO - HTTP Request: GET https://dagshub.com/api/v1/user "HTTP/1.1 200 OK"
[ 2026-02-01 21:00:00,497 ] 107 dagshub - INFO - Accessing as vedantukale29
[ 2026-02-01 21:00:01,026 ] 1025 httpx - INFO - HTTP Request: GET https://dagshub.com/api/v1/repos/vedantukale29/Network-Security-Data-Science-Project "HTTP/1.1 200 OK"
[ 2026-02-01 21:00:02,140 ] 1025 httpx - INFO - HTTP Request: GET https://dagshub.com/api/v1/user "HTTP/1.1 200 OK"
[ 2026-02-01 21:00:02,148 ] 107 dagshub - INFO - Initialized MLflow to track repo "vedantukale29/Network-Security-Data-Science-Project"
[ 2026-02-01 21:00:02,152 ] 107 dagshub - INFO - Repository vedantukale29/Network-Security-Data-Science-Project initialized!
[ 2026-02-01 21:00:23,413 ] 41 root - INFO - Start data Ingestion
[ 2026-02-01 21:00:35,535 ] 68 root - INFO - Performed train test split on the dataframe
[ 2026-02-01 21:00:35,535 ] 70 root - INFO - Exited split_data_as_train_test method of Data_Ingestion class
[ 2026-02-01 21:00:35,536 ] 78 root - INFO - Exporting train and test file path.
[ 2026-02-01 21:00:35,637 ] 87 root - INFO - Exported train and test file path.
[ 2026-02-01 21:00:35,638 ] 44 root - INFO - Data Ingestion completed and artifact: DataIngestionArtifact(train_file_path='Artifacts\\02_01_2026_20_59_53\\data_ingestion\\ingested\\train.csv', test_file_path='Artifacts\\02_01_2026_20_59_53\\data_ingestion\\ingested\\test.csv')
[ 2026-02-01 21:00:35,660 ] 54 root - INFO - Initiate the data Validation
[ 2026-02-01 21:00:35,706 ] 31 root - INFO - Required number of columns:2
[ 2026-02-01 21:00:35,706 ] 32 root - INFO - Data frame has columns:31
[ 2026-02-01 21:00:35,707 ] 31 root - INFO - Required number of columns:2
[ 2026-02-01 21:00:35,707 ] 32 root - INFO - Data frame has columns:31
[ 2026-02-01 21:00:35,707 ] 59 root - INFO - All numerical columns are present in the dataframe
[ 2026-02-01 21:00:35,707 ] 59 root - INFO - All numerical columns are present in the dataframe
[ 2026-02-01 21:00:36,129 ] 63 root - INFO - Entered initiate_data_transformation method of DataTransformation class
[ 2026-02-01 21:00:36,130 ] 66 root - INFO - Starting data transformation
[ 2026-02-01 21:00:36,201 ] 71 root - INFO - Read train and test data completed
[ 2026-02-01 21:00:36,216 ] 72 root - INFO - Train Dataframe Head : 
   having_IP_Address  URL_Length  Shortining_Service  having_At_Symbol  double_slash_redirecting  Prefix_Suffix  having_Sub_Domain  SSLfinal_State  Domain_registeration_length  Favicon  port  HTTPS_token  Request_URL  URL_of_Anchor  Links_in_tags  SFH  Submitting_to_email  Abnormal_URL  Redirect  on_mouseover  RightClick  popUpWidnow  Iframe  age_of_domain  DNSRecord  web_traffic  Page_Rank  Google_Index  Links_pointing_to_page  Statistical_report  Result
0                 -1           1                   1                 1                         1             -1                 -1              -1                           -1        1     1            1            1             -1             -1   -1                    1             1         0             1           1            1       1              1          1            1          1             1                       1                   1      -1
1                  1          -1                   1                 1                         1             -1                  0               1                           -1        1     1            1            1              0              0   -1                    1             1         0             1           1            1       1              1         -1            1         -1             1                       1                   1       1
2                 -1          -1                   1                 1                         1             -1                  1               1                           -1        1     1            1            1              1              1    1                    1             1         0             1           1            1       1             -1          1            1          1             1                       0                   1       1
3                  1          -1                   1                 1                         1             -1                  1               1                           -1        1     1            1            1              1              1    1                    1             1         0             1           1            1       1              1          1           -1         -1            -1                       0                   1       1
4                 -1          -1                   1                 1                         1             -1                  0              -1                           -1        1     1            1            1              0              0   -1                    1             1         0             1           1            1       1             -1          1            0          1             1                       1                   1      -1
[ 2026-02-01 21:00:36,228 ] 73 root - INFO - Test Dataframe Head : 
   having_IP_Address  URL_Length  Shortining_Service  having_At_Symbol  double_slash_redirecting  Prefix_Suffix  having_Sub_Domain  SSLfinal_State  Domain_registeration_length  Favicon  port  HTTPS_token  Request_URL  URL_of_Anchor  Links_in_tags  SFH  Submitting_to_email  Abnormal_URL  Redirect  on_mouseover  RightClick  popUpWidnow  Iframe  age_of_domain  DNSRecord  web_traffic  Page_Rank  Google_Index  Links_pointing_to_page  Statistical_report  Result
0                  1          -1                   1                 1                         1             -1                 -1              -1                           -1        1     1            1            1             -1              0   -1                    1             1         0             1           1            1       1              1         -1           -1         -1             1                       0                   1      -1
1                  1          -1                   1                 1                         1             -1                 -1              -1                           -1        1     1            1            1              0             -1   -1                   -1             1         0             1           1            1       1              1         -1            1         -1            -1                      -1                   1      -1
2                 -1           1                  -1                 1                        -1             -1                  1               1                           -1        1     1           -1            1              0             -1    1                    1             1         1             1           1            1       1             -1         -1            0         -1            -1                       1                  -1      -1
3                 -1          -1                  -1                 1                        -1             -1                 -1               1                           -1        1     1           -1            1              1              1   -1                    1            -1         1             1           1            1       1              1         -1            1          1             1                       1                   1       1
4                  1          -1                   1                 1                         1              1                  1              -1                           -1        1     1            1            1              1              0   -1                    1             1         0             1           1            1       1              1         -1           -1         -1             1                       1                   1       1
[ 2026-02-01 21:00:36,231 ] 48 root - INFO - Entered get_data_trnasformer_object method of Trnasformation class
[ 2026-02-01 21:00:36,231 ] 53 root - INFO - Initialise KNNImputer with {'missing_values': nan, 'n_neighbors': 3, 'weights': 'uniform'}
[ 2026-02-01 21:00:36,269 ] 46 root - INFO - Entered the save_object method of MainUtils class
[ 2026-02-01 21:00:36,280 ] 50 root - INFO - Exited the save_object method of MainUtils class
[ 2026-02-01 21:00:36,280 ] 46 root - INFO - Entered the save_object method of MainUtils class
[ 2026-02-01 21:00:36,287 ] 50 root - INFO - Exited the save_object method of MainUtils class
[ 2026-02-01 21:08:02,394 ] 116 root - INFO - Best model found , Model Name: Random Forest , R2 Score :0.8950867845993756
[ 2026-02-01 21:09:04,015 ] 46 root - INFO - Entered the save_object method of MainUtils class
[ 2026-02-01 21:09:04,018 ] 50 root - INFO - Exited the save_object method of MainUtils class
[ 2026-02-01 21:09:04,018 ] 46 root - INFO - Entered the save_object method of MainUtils class
[ 2026-02-01 21:09:04,086 ] 50 root - INFO - Exited the save_object method of MainUtils class
[ 2026-02-01 21:09:04,087 ] 145 root - INFO - Model trainer artifact: ModelTrainerArtifact(trained_model_file_path='Artifacts\\02_01_2026_20_59_53\\model_trainer\\trained_model\\model.pkl', train_metric_artifact=ClassificationMetricArtifact(f1_score=0.991560752414845, precision_score=0.989448051948052, recall_score=0.9936824943957612), test_metric_artifact=ClassificationMetricArtifact(f1_score=0.9772273272073512, precision_score=0.9760574620909817, recall_score=0.9784))
